{"D:\\ASU MS IN CS COURSE CONTENT AND ALL\\SEMESTERS COURSES CONTENT\\SPRING 2023\\CSE 565 Software Verification Validation and Testing\\ASSIGNMENTS\\ASSIGNMENT1\\code\\heapsort.js": {"path":"D:\\ASU MS IN CS COURSE CONTENT AND ALL\\SEMESTERS COURSES CONTENT\\SPRING 2023\\CSE 565 Software Verification Validation and Testing\\ASSIGNMENTS\\ASSIGNMENT1\\code\\heapsort.js","statementMap":{"0":{"start":{"line":3,"column":27},"end":{"line":26,"column":1}},"1":{"start":{"line":6,"column":16},"end":{"line":6,"column":26}},"2":{"start":{"line":9,"column":8},"end":{"line":10,"column":31}},"3":{"start":{"line":9,"column":21},"end":{"line":9,"column":42}},"4":{"start":{"line":10,"column":12},"end":{"line":10,"column":31}},"5":{"start":{"line":13,"column":8},"end":{"line":21,"column":9}},"6":{"start":{"line":13,"column":21},"end":{"line":13,"column":26}},"7":{"start":{"line":15,"column":23},"end":{"line":15,"column":29}},"8":{"start":{"line":16,"column":12},"end":{"line":16,"column":28}},"9":{"start":{"line":17,"column":12},"end":{"line":17,"column":26}},"10":{"start":{"line":20,"column":12},"end":{"line":20,"column":31}},"11":{"start":{"line":22,"column":8},"end":{"line":22,"column":19}},"12":{"start":{"line":30,"column":16},"end":{"line":53,"column":1}},"13":{"start":{"line":32,"column":18},"end":{"line":32,"column":19}},"14":{"start":{"line":33,"column":12},"end":{"line":33,"column":21}},"15":{"start":{"line":34,"column":12},"end":{"line":34,"column":21}},"16":{"start":{"line":37,"column":4},"end":{"line":38,"column":20}},"17":{"start":{"line":38,"column":8},"end":{"line":38,"column":20}},"18":{"start":{"line":41,"column":4},"end":{"line":42,"column":20}},"19":{"start":{"line":42,"column":8},"end":{"line":42,"column":20}},"20":{"start":{"line":45,"column":4},"end":{"line":52,"column":5}},"21":{"start":{"line":46,"column":19},"end":{"line":46,"column":25}},"22":{"start":{"line":47,"column":8},"end":{"line":47,"column":30}},"23":{"start":{"line":48,"column":8},"end":{"line":48,"column":28}},"24":{"start":{"line":51,"column":8},"end":{"line":51,"column":33}},"25":{"start":{"line":55,"column":0},"end":{"line":55,"column":36}}},"fnMap":{"0":{"name":"(anonymous_0)","decl":{"start":{"line":5,"column":19},"end":{"line":5,"column":20}},"loc":{"start":{"line":5,"column":33},"end":{"line":23,"column":5}},"line":5},"1":{"name":"(anonymous_1)","decl":{"start":{"line":30,"column":16},"end":{"line":30,"column":17}},"loc":{"start":{"line":30,"column":31},"end":{"line":53,"column":1}},"line":30}},"branchMap":{"0":{"loc":{"start":{"line":37,"column":4},"end":{"line":38,"column":20}},"type":"if","locations":[{"start":{"line":37,"column":4},"end":{"line":38,"column":20}},{"start":{},"end":{}}],"line":37},"1":{"loc":{"start":{"line":37,"column":8},"end":{"line":37,"column":38}},"type":"binary-expr","locations":[{"start":{"line":37,"column":8},"end":{"line":37,"column":13}},{"start":{"line":37,"column":17},"end":{"line":37,"column":38}}],"line":37},"2":{"loc":{"start":{"line":41,"column":4},"end":{"line":42,"column":20}},"type":"if","locations":[{"start":{"line":41,"column":4},"end":{"line":42,"column":20}},{"start":{},"end":{}}],"line":41},"3":{"loc":{"start":{"line":41,"column":8},"end":{"line":41,"column":38}},"type":"binary-expr","locations":[{"start":{"line":41,"column":8},"end":{"line":41,"column":13}},{"start":{"line":41,"column":17},"end":{"line":41,"column":38}}],"line":41},"4":{"loc":{"start":{"line":45,"column":4},"end":{"line":52,"column":5}},"type":"if","locations":[{"start":{"line":45,"column":4},"end":{"line":52,"column":5}},{"start":{},"end":{}}],"line":45}},"s":{"0":1,"1":10,"2":10,"3":10,"4":28,"5":10,"6":10,"7":52,"8":52,"9":52,"10":52,"11":10,"12":1,"13":149,"14":149,"15":149,"16":149,"17":58,"18":149,"19":23,"20":149,"21":69,"22":69,"23":69,"24":69,"25":1},"f":{"0":10,"1":149},"b":{"0":[58,91],"1":[149,100],"2":[23,126],"3":[149,77],"4":[69,80]},"_coverageSchema":"1a1c01bbd47fc00a2c39e90264f33305004495a9","hash":"a82ce2284ea7f774a37aed71c5564406cf206a5a"}
}
