TN:
SF:heapsort.js
FN:5,(anonymous_0)
FN:30,(anonymous_1)
FNF:2
FNH:2
FNDA:10,(anonymous_0)
FNDA:149,(anonymous_1)
DA:3,1
DA:6,10
DA:9,10
DA:10,28
DA:13,10
DA:15,52
DA:16,52
DA:17,52
DA:20,52
DA:22,10
DA:30,1
DA:32,149
DA:33,149
DA:34,149
DA:37,149
DA:38,58
DA:41,149
DA:42,23
DA:45,149
DA:46,69
DA:47,69
DA:48,69
DA:51,69
DA:55,1
LF:24
LH:24
BRDA:37,0,0,58
BRDA:37,0,1,91
BRDA:37,1,0,149
BRDA:37,1,1,100
BRDA:41,2,0,23
BRDA:41,2,1,126
BRDA:41,3,0,149
BRDA:41,3,1,77
BRDA:45,4,0,69
BRDA:45,4,1,80
BRF:10
BRH:10
end_of_record
